<?xml version="1.0" encoding="UTF-8"?>
<!-- Generated by org.testng.reporters.JUnitReportReporter -->
<testsuite skipped="0" hostname="DESKTOP-LDS4O3B" name="parallel.twobrowsers" tests="2" failures="0" timestamp="15 Jul 2019 12:36:43 GMT" time="43.974" errors="0">
  <testcase name="homepage" time="27.786" classname="parallel.twobrowsers"/>
  <testcase name="homepage" time="16.188" classname="parallel.twobrowsers"/>
</testsuite> <!-- parallel.twobrowsers -->
